Arguments: 
  C:\Program Files\nodejs\node.exe C:\Program Files (x86)\Yarn\bin\yarn.js init

PATH: 
  C:\Users\lostos\Documents\GitKraken\chrysa\node_modules\.bin;C:\Program Files\NVIDIA GPU Computing Toolkit\CUDA\v10.0\bin;C:\Program Files\NVIDIA GPU Computing Toolkit\CUDA\v10.0\libnvvp;C:\WINDOWS\system32;C:\WINDOWS;C:\WINDOWS\System32\Wbem;C:\WINDOWS\System32\WindowsPowerShell\v1.0\;C:\WINDOWS\System32\OpenSSH\;C:\Program Files\Git\cmd;C:\Program Files (x86)\Streamlink\bin;C:\Program Files\Dart\dart-sdk\bin;C:\Program Files (x86)\Dart\dart-sdk\bin;C:\Program Files (x86)\NVIDIA Corporation\PhysX\Common;D:\Program Files\Calibre2\;C:\Program Files (x86)\Yarn\bin\;C:\Program Files\nodejs\;C:\Users\lostos\AppData\Local\Programs\Python\Python37\Scripts\;C:\Users\lostos\AppData\Local\Programs\Python\Python37\;C:\Users\lostos\AppData\Local\Microsoft\WindowsApps;C:\Program Files\JetBrains\WebStorm 183.2153.10\bin;;C:\Users\lostos\AppData\Local\Yarn\bin;C:\users\lostos\appdata\local\programs\python\python37\Scripts;C:\Users\lostos\AppData\Roaming\npm

Yarn version: 
  1.12.3

Node version: 
  10.15.0

Platform: 
  win32 x64

Trace: 
  Error: canceled
      at Interface.<anonymous> (C:\Program Files (x86)\Yarn\lib\cli.js:125278:13)
      at Interface.emit (events.js:182:13)
      at Interface._ttyWrite (readline.js:783:16)
      at ReadStream.onkeypress (readline.js:168:10)
      at ReadStream.emit (events.js:182:13)
      at emitKeys (internal/readline.js:424:14)
      at emitKeys.next (<anonymous>)
      at ReadStream.onData (readline.js:1022:36)
      at ReadStream.emit (events.js:182:13)
      at addChunk (_stream_readable.js:283:12)

npm manifest: 
  No manifest

yarn manifest: 
  No manifest

Lockfile: 
  No lockfile
